C51 COMPILER V9.01   MAIN                                                                  02/22/2014 15:15:21 PAGE 1   


C51 COMPILER V9.01, COMPILATION OF MODULE MAIN
OBJECT MODULE PLACED IN main.OBJ
COMPILER INVOKED BY: C:\Keil\C51\BIN\C51.EXE main.c LARGE BROWSE DEBUG OBJECTEXTEND

line level    source

   1          #include <reg51.h>
   2          #include <intrins.h>
   3          #include <sys\sys.h>
   4          #include <lcd\lcd.h>
   5          #include <font\font.h>
   6          /* 
   7          程序默认IO连接方式：
   8          sbit LCD_CS     =P0^0;     //片选       
   9          sbit LCD_AO     =P0^2;    //数据/命令切换
  10          sbit LCD_SDA    =P1^5;    //数据
  11          sbit LCD_SCK    =P1^7;    //时钟
  12          sbit LCD_REST   =P0^1;    //复位  
  13          */ 
  14          void xianshi()//显示信息
  15          {   
  16   1              BACK_COLOR=WHITE;
  17   1              POINT_COLOR=RED;        
  18   1              showhanzi(10,0,0);  //晶
  19   1              showhanzi(45,0,1);  //耀
  20   1          LCD_ShowString(10,30,"1.44 inch TFT");
  21   1              LCD_ShowString(10,48,"128*128");
  22   1      }
  23          void showimage() //显示40*40图片
  24          {
  25   1              int i,j,k;
  26   1              xianshi(); //显示信息
  27   1              for(k=2;k<3;k++)
  28   1              {
  29   2                      for(j=0;j<3;j++)
  30   2                      {       
  31   3                              Address_set(40*j,40*k,40*j+39,40*k+39);         //坐标设置
  32   3                          for(i=0;i<1600;i++)
  33   3                               {                              
  34   4                                       LCD_WR_DATA8(image[i*2+1]);     //发送颜色数据
  35   4                                       LCD_WR_DATA8(image[i*2]);                                      
  36   4                               }      
  37   3                       }
  38   2              }
  39   1                      
  40   1      }
  41          main()
  42          { 
  43   1              Lcd_Init();   //tft初始化
  44   1              LCD_Clear(WHITE); //清屏
  45   1              BACK_COLOR=BLACK;;POINT_COLOR=WHITE; 
  46   1          showimage(); //显示40*40图片
  47   1      
  48   1              while(1)
  49   1              {
  50   2               
  51   2      //      Lcd_Init();   //tft初始化
  52   2      //      LCD_Clear(WHITE); //清屏
  53   2      //      BACK_COLOR=BLACK;;POINT_COLOR=WHITE; 
  54   2       //  showimage(); //显示40*40图片
  55   2      //      delayms(2000);
C51 COMPILER V9.01   MAIN                                                                  02/22/2014 15:15:21 PAGE 2   

  56   2          }
  57   1      
  58   1      
  59   1      }


MODULE INFORMATION:   STATIC OVERLAYABLE
   CODE SIZE        =    366    ----
   CONSTANT SIZE    =     22    ----
   XDATA SIZE       =   ----       6
   PDATA SIZE       =   ----    ----
   DATA SIZE        =   ----    ----
   IDATA SIZE       =   ----    ----
   BIT SIZE         =   ----    ----
END OF MODULE INFORMATION.


C51 COMPILATION COMPLETE.  0 WARNING(S),  0 ERROR(S)
